[trashtitansnyc-l56io59.public.builtwithrocket.new/pages/homepage.html]
[backblue.gif]
[fade.gif]
[index.html]
[trashtitansnyc-l56io59.public.builtwithrocket.new/css/main.css]
[trashtitansnyc-l56io59.public.builtwithrocket.new/pages/interactive_pricing_calculator.html]
[images.pexels.com/photos/4792509/pexels-photo-47925099245.jpg]
[trashtitansnyc-l56io59.public.builtwithrocket.new/pages/comprehensive_services_hub.html]
[trashtitansnyc-l56io59.public.builtwithrocket.new/pages/homepage-2.html]
[trashtitansnyc-l56io59.public.builtwithrocket.new/pages/homepage.html]
[trashtitansnyc-l56io59.public.builtwithrocket.new/css/main.css]
[trashtitansnyc-l56io59.public.builtwithrocket.new/pages/streamlined_booking_portal.html]
[trashtitansnyc-l56io59.public.builtwithrocket.new/pages/contact_command_center.html]
[trashtitansnyc-l56io59.public.builtwithrocket.new/pages/customer_dashboard_account_portal.html]
[static.rocket.new/rocket-web5db3.js]
[trashtitansnyc-l56io59.public.builtwithrocket.new/public/dhws-data-injector.js]
[trashtitansnyc-l56io59.public.builtwithrocket.new/pages/interactive_pricing_calculator.html]
[trashtitansnyc-l56io59.public.builtwithrocket.new/pages/homepage-2.html]
[images.pexels.com/photos/220453/pexels-photo-2204539245.jpg]
[images.pexels.com/photos/91227/pexels-photo-912279245.jpg]
[images.pexels.com/photos/378570/pexels-photo-3785709245.jpg]
[images.pexels.com/photos/1108572/pexels-photo-11085729245.jpg]
[trashtitansnyc-l56io59.public.builtwithrocket.new/pages/comprehensive_services_hub.html]
[trashtitansnyc-l56io59.public.builtwithrocket.new/pages/streamlined_booking_portal.html]
[images.pexels.com/photos/4968391/pexels-photo-49683919245.jpg]
[trashtitansnyc-l56io59.public.builtwithrocket.new/pages/customer_dashboard_account_portal-2.html]
[trashtitansnyc-l56io59.public.builtwithrocket.new/pages/contact_command_center.html]
[trashtitansnyc-l56io59.public.builtwithrocket.new/pages/customer_dashboard_account_portal.html]
[trashtitansnyc-l56io59.public.builtwithrocket.new/pages/customer_dashboard_account_portal-2.html]
[trashtitansnyc-l56io59.public.builtwithrocket.new/pages/streamlined_booking_portal-2.html]
[images.pexels.com/photos/466685/pexels-photo-4666859245.jpg]
[trashtitansnyc-l56io59.public.builtwithrocket.new/pages/streamlined_booking_portal-2.html]
[images.pixabay.com/photo/2016/12/13/05/15/puppy-1903313_1280.jpg]
[images.pixabay.com/photo/2016/11/21/12/42/beard-1845166_1280.jpg]
[images.pixabay.com/photo/2016/11/18/17/20/living-room-1835923_1280.jpg]
[images.pixabay.com/photo/2017/03/25/23/32/kitchen-2174593_1280.jpg]
[images.pixabay.com/photo/2016/11/29/03/53/architecture-1867187_1280.jpg]
[images.pixabay.com/photo/2015/05/26/09/37/paypal-784404_1280.png]
