[customify-0066363.public.builtwithrocket.new/pages/homepage.html]
[backblue.gif]
[fade.gif]
[index.html]
[customify-0066363.public.builtwithrocket.new/css/main.css]
[static.rocket.new/rocket-webfff1.js]
[customify-0066363.public.builtwithrocket.new/pages/homepage-2.html]
[customify-0066363.public.builtwithrocket.new/pages/design_studio.html]
[customify-0066363.public.builtwithrocket.new/pages/product_categories.html]
[customify-0066363.public.builtwithrocket.new/pages/creator_gallery.html]
[customify-0066363.public.builtwithrocket.new/pages/business_services.html]
[customify-0066363.public.builtwithrocket.new/pages/order_tracking_account.html]
[images.pexels.com/photos/996329/pexels-photo-9963299245.jpg]
[images.pexels.com/photos/7679720/pexels-photo-76797209245.jpg]
[images.pexels.com/photos/1040945/pexels-photo-10409459245.jpg]
[images.pexels.com/photos/2041627/pexels-photo-20416279245.jpg]
[images.pexels.com/photos/1040880/pexels-photo-10408809245.jpg]
[images.pexels.com/photos/1040881/pexels-photo-10408819245.jpg]
[customify-0066363.public.builtwithrocket.new/pages/homepage.html]
[customify-0066363.public.builtwithrocket.new/css/main.css]
[customify-0066363.public.builtwithrocket.new/pages/homepage-2.html]
[customify-0066363.public.builtwithrocket.new/pages/design_studio.html]
[customify-0066363.public.builtwithrocket.new/public/dhws-data-injector.js]
[images.pexels.com/photos/1579708/pexels-photo-15797089245.jpg]
[images.pexels.com/photos/1571460/pexels-photo-15714609245.jpg]
[customify-0066363.public.builtwithrocket.new/pages/product_categories.html]
[customify-0066363.public.builtwithrocket.new/pages/design_studio-2.html]
[images.pexels.com/photos/1040882/pexels-photo-10408829245.jpg]
[images.pexels.com/photos/1040883/pexels-photo-10408839245.jpg]
[customify-0066363.public.builtwithrocket.new/pages/business_services-2.html]
[images.pexels.com/photos/3184291/pexels-photo-31842919245.jpg]
[customify-0066363.public.builtwithrocket.new/pages/creator_gallery.html]
[images.pexels.com/photos/302899/pexels-photo-3028999245.jpg]
[images.pexels.com/photos/3184465/pexels-photo-31844659245.jpg]
[images.pexels.com/photos/3184306/pexels-photo-31843069245.jpg]
[images.pexels.com/photos/4246120/pexels-photo-42461209245.jpg]
[customify-0066363.public.builtwithrocket.new/pages/business_services.html]
[customify-0066363.public.builtwithrocket.new/pages/order_tracking_account.html]
[customify-0066363.public.builtwithrocket.new/pages/design_studio-2.html]
[images.pexels.com/photos/1040946/pexels-photo-10409469245.jpeg]
[images.pexels.com/photos/1040947/pexels-photo-10409479245.jpeg]
[customify-0066363.public.builtwithrocket.new/pages/business_services-2.html]
[images.pexels.com/photos/1040884/pexels-photo-10408849245.jpeg]
[images.pixabay.com/photo/2017/08/01/11/48/bag-2564699_1280.jpg]
[images.pixabay.com/photo/2016/11/29/20/22/architecture-1871047_1280.jpg]
[images.pixabay.com/photo/2017/08/06/12/06/people-2591874_1280.jpg]
[images.pixabay.com/photo/2016/03/27/19/43/smartphone-1283938_1280.jpg]
[images.pixabay.com/photo/2016/12/06/09/31/blank-1886008_1280.png]
[images.pixabay.com/photo/2016/11/18/17/20/couch-1835923_1280.jpg]
[images.pixabay.com/photo/2017/03/27/13/54/mug-2178566_1280.jpg]
[images.pixabay.com/photo/2018/01/15/07/51/woman-3083383_1280.jpg]
[images.pixabay.com/photo/2017/03/19/03/40/delivery-2155126_1280.jpg]
